2024-10-11 16:16:19,588 - MyMavenProject -INFO - Click on gender button..
2024-10-11 16:16:22,522 - MyMavenProject -INFO - Click on next button..
2024-10-11 16:16:25,236 - MyMavenProject -INFO - Handling age dropdown
2024-10-11 16:16:30,753 - MyMavenProject -INFO - click on next button..
2024-10-11 16:16:32,859 - MyMavenProject -INFO - Enter pincode..
2024-10-11 16:16:35,538 - MyMavenProject -WARN - Please enter valid pincode
2024-10-11 16:16:35,540 - MyMavenProject -INFO - Enter mobile number..
2024-10-11 16:16:37,857 - MyMavenProject -WARN - Please enter valid mobile number
2024-10-11 16:16:37,862 - MyMavenProject -INFO - Click on continue button..
2024-10-11 16:21:50,869 - MyMavenProject -INFO - Click on gender button..
2024-10-11 16:21:53,759 - MyMavenProject -INFO - Click on next button..
2024-10-11 16:21:55,952 - MyMavenProject -INFO - Handling age dropdown
2024-10-11 16:21:59,758 - MyMavenProject -INFO - click on next button..
2024-10-11 16:22:01,890 - MyMavenProject -INFO - Enter pincode..
2024-10-11 16:22:04,371 - MyMavenProject -WARN - Please enter valid pincode
2024-10-11 16:22:04,372 - MyMavenProject -INFO - Enter mobile number..
2024-10-11 16:22:06,592 - MyMavenProject -WARN - Please enter valid mobile number
2024-10-11 16:22:06,593 - MyMavenProject -INFO - Click on continue button..
2024-10-11 16:25:37,006 - MyMavenProject -INFO - Click on gender button..
2024-10-11 16:25:40,754 - MyMavenProject -INFO - Click on next button..
2024-10-11 16:25:43,146 - MyMavenProject -INFO - Handling age dropdown
2024-10-11 16:25:46,688 - MyMavenProject -INFO - click on next button..
2024-10-11 16:25:48,817 - MyMavenProject -INFO - Enter pincode..
2024-10-11 16:25:51,093 - MyMavenProject -WARN - Please enter valid pincode
2024-10-11 16:25:51,094 - MyMavenProject -INFO - Enter mobile number..
2024-10-11 16:25:53,354 - MyMavenProject -WARN - Please enter valid mobile number
2024-10-11 16:25:53,355 - MyMavenProject -INFO - Click on continue button..
2024-10-11 16:40:10,941 - MyMavenProject -INFO - Click on gender button..
2024-10-11 16:40:13,906 - MyMavenProject -INFO - Click on next button..
2024-10-11 16:40:16,690 - MyMavenProject -INFO - Handling age dropdown
2024-10-11 16:40:20,679 - MyMavenProject -INFO - click on next button..
2024-10-11 16:40:22,842 - MyMavenProject -INFO - Enter pincode..
2024-10-11 16:40:25,126 - MyMavenProject -WARN - Please enter valid pincode
2024-10-11 16:40:25,127 - MyMavenProject -INFO - Enter mobile number..
2024-10-11 16:40:27,432 - MyMavenProject -WARN - Please enter valid mobile number
2024-10-11 16:40:27,433 - MyMavenProject -INFO - Click on continue button..
2024-10-11 20:23:56,863 - MyMavenProject -INFO - Click on gender button..
2024-10-11 20:24:00,041 - MyMavenProject -INFO - Click on next button..
2024-10-11 20:24:02,252 - MyMavenProject -INFO - Handling age dropdown
2024-10-11 20:24:07,472 - MyMavenProject -INFO - click on next button..
2024-10-11 20:24:09,649 - MyMavenProject -INFO - Enter pincode..
2024-10-11 20:24:12,147 - MyMavenProject -WARN - Please enter valid pincode
2024-10-11 20:24:12,149 - MyMavenProject -INFO - Enter mobile number..
2024-10-11 20:24:14,616 - MyMavenProject -WARN - Please enter valid mobile number
2024-10-11 20:24:14,619 - MyMavenProject -INFO - Click on continue button..
2024-10-11 23:09:48,748 - MyMavenProject -INFO - Click on gender button..
2024-10-11 23:09:51,917 - MyMavenProject -INFO - Click on next button..
2024-10-11 23:09:54,094 - MyMavenProject -INFO - Handling age dropdown
2024-10-11 23:09:57,817 - MyMavenProject -INFO - click on next button..
2024-10-11 23:09:59,949 - MyMavenProject -INFO - Enter mobile number..
2024-10-11 23:10:02,208 - MyMavenProject -WARN - Please enter valid mobile number
2024-10-11 23:10:02,209 - MyMavenProject -INFO - Click on continue button..
2024-10-11 23:10:09,783 - MyMavenProject -INFO - Click on gender button..
2024-10-11 23:10:13,241 - MyMavenProject -INFO - Click on next button..
2024-10-11 23:10:15,390 - MyMavenProject -INFO - Handling age dropdown
2024-10-11 23:10:17,720 - MyMavenProject -INFO - click on next button..
2024-10-11 23:10:19,826 - MyMavenProject -INFO - Enter pincode..
2024-10-11 23:10:22,022 - MyMavenProject -WARN - Please enter valid pincode
2024-10-11 23:10:22,023 - MyMavenProject -INFO - Click on continue button..
2024-10-11 23:13:59,573 - MyMavenProject -INFO - Click on gender button..
2024-10-11 23:14:02,338 - MyMavenProject -INFO - Click on next button..
2024-10-11 23:14:04,504 - MyMavenProject -INFO - Handling age dropdown
2024-10-11 23:14:06,769 - MyMavenProject -INFO - click on next button..
2024-10-11 23:14:08,920 - MyMavenProject -INFO - Click on continue button..
2024-10-11 23:15:33,700 - MyMavenProject -INFO - Click on gender button..
2024-10-11 23:15:36,420 - MyMavenProject -INFO - Click on next button..
2024-10-11 23:15:38,616 - MyMavenProject -INFO - Handling age dropdown
2024-10-11 23:15:42,063 - MyMavenProject -INFO - click on next button..
2024-10-11 23:15:44,197 - MyMavenProject -INFO - Enter mobile number..
2024-10-11 23:15:46,441 - MyMavenProject -WARN - Please enter valid mobile number
2024-10-11 23:15:46,442 - MyMavenProject -INFO - Click on continue button..
2024-10-11 23:20:06,744 - MyMavenProject -INFO - Click on gender button..
2024-10-11 23:20:09,649 - MyMavenProject -INFO - Click on next button..
2024-10-11 23:20:12,474 - MyMavenProject -INFO - Handling age dropdown
2024-10-11 23:20:17,012 - MyMavenProject -INFO - click on next button..
2024-10-11 23:20:19,158 - MyMavenProject -INFO - Enter mobile number..
2024-10-11 23:20:21,535 - MyMavenProject -WARN - Please enter valid mobile number
2024-10-11 23:20:21,536 - MyMavenProject -INFO - Click on continue button..
2024-10-11 23:20:28,660 - MyMavenProject -INFO - Click on gender button..
2024-10-11 23:20:31,292 - MyMavenProject -INFO - Click on next button..
2024-10-11 23:20:33,451 - MyMavenProject -INFO - Handling age dropdown
2024-10-11 23:20:35,743 - MyMavenProject -INFO - click on next button..
2024-10-11 23:20:37,838 - MyMavenProject -INFO - Enter pincode..
2024-10-11 23:20:40,064 - MyMavenProject -WARN - Please enter valid pincode
2024-10-11 23:20:40,066 - MyMavenProject -INFO - Click on continue button..
2024-10-11 23:44:36,778 - MyMavenProject -INFO - Launching Browser
2024-10-11 23:44:43,078 - MyMavenProject -INFO - Click on gender button..
2024-10-11 23:44:45,764 - MyMavenProject -INFO - Click on next button..
2024-10-11 23:44:47,932 - MyMavenProject -INFO - Handling age dropdown
2024-10-11 23:44:51,424 - MyMavenProject -INFO - click on next button..
2024-10-11 23:44:53,584 - MyMavenProject -INFO - Enter mobile number..
2024-10-11 23:44:55,829 - MyMavenProject -WARN - Please enter valid mobile number
2024-10-11 23:44:55,830 - MyMavenProject -INFO - Click on continue button..
2024-10-11 23:44:59,059 - MyMavenProject -INFO - Closing Browser
2024-10-11 23:44:59,359 - MyMavenProject -INFO - Launching Browser
2024-10-11 23:45:02,801 - MyMavenProject -INFO - Click on gender button..
2024-10-11 23:45:05,595 - MyMavenProject -INFO - Click on next button..
2024-10-11 23:45:07,714 - MyMavenProject -INFO - Handling age dropdown
2024-10-11 23:45:10,155 - MyMavenProject -INFO - click on next button..
2024-10-11 23:45:12,295 - MyMavenProject -INFO - Enter pincode..
2024-10-11 23:45:14,505 - MyMavenProject -WARN - Please enter valid pincode
2024-10-11 23:45:14,505 - MyMavenProject -INFO - Click on continue button..
2024-10-11 23:51:04,993 - MyMavenProject -INFO - Launching Browser
2024-10-11 23:56:23,329 - MyMavenProject -INFO - Launching Browser
2024-10-11 23:58:44,183 - MyMavenProject -INFO - Click on gender button..
2024-10-11 23:58:48,134 - MyMavenProject -INFO - Click on next button..
2024-10-11 23:58:50,268 - MyMavenProject -INFO - Handling age dropdown
2024-10-11 23:58:53,748 - MyMavenProject -INFO - click on next button..
2024-10-11 23:58:55,919 - MyMavenProject -INFO - Enter mobile number..
2024-10-11 23:58:58,133 - MyMavenProject -WARN - Please enter valid mobile number
2024-10-11 23:58:58,134 - MyMavenProject -INFO - Click on continue button..
2024-10-11 23:59:01,345 - MyMavenProject -INFO - Closing Browser
2024-10-11 23:59:05,190 - MyMavenProject -INFO - Click on gender button..
2024-10-11 23:59:07,769 - MyMavenProject -INFO - Click on next button..
2024-10-11 23:59:09,946 - MyMavenProject -INFO - Handling age dropdown
2024-10-11 23:59:12,291 - MyMavenProject -INFO - click on next button..
2024-10-11 23:59:14,430 - MyMavenProject -INFO - Enter pincode..
2024-10-11 23:59:16,617 - MyMavenProject -WARN - Please enter valid pincode
2024-10-11 23:59:16,618 - MyMavenProject -INFO - Click on continue button..
2024-10-12 00:05:19,975 - MyMavenProject -INFO - Click on gender button..
2024-10-12 00:05:22,968 - MyMavenProject -INFO - Click on next button..
2024-10-12 00:05:25,068 - MyMavenProject -INFO - Handling age dropdown
2024-10-12 00:05:28,560 - MyMavenProject -INFO - click on next button..
2024-10-12 00:05:30,680 - MyMavenProject -INFO - Enter pincode..
2024-10-12 00:05:32,913 - MyMavenProject -WARN - Please enter valid pincode
2024-10-12 00:05:32,914 - MyMavenProject -INFO - Click on continue button..
2024-10-12 00:06:38,493 - MyMavenProject -INFO - Click on gender button..
2024-10-12 00:06:41,489 - MyMavenProject -INFO - Click on next button..
2024-10-12 00:06:43,621 - MyMavenProject -INFO - Handling age dropdown
2024-10-12 00:06:47,407 - MyMavenProject -INFO - click on next button..
2024-10-12 00:06:49,517 - MyMavenProject -INFO - Click on continue button..
2024-10-12 00:06:52,905 - MyMavenProject -INFO - Closing Browser
2024-10-12 00:08:06,624 - MyMavenProject -INFO - Click on gender button..
2024-10-12 00:08:09,623 - MyMavenProject -INFO - Click on next button..
2024-10-12 00:08:11,748 - MyMavenProject -INFO - Handling age dropdown
2024-10-12 00:08:15,538 - MyMavenProject -INFO - click on next button..
2024-10-12 00:08:17,665 - MyMavenProject -INFO - Enter pincode..
2024-10-12 00:08:19,888 - MyMavenProject -WARN - Please enter valid pincode
2024-10-12 00:08:19,889 - MyMavenProject -INFO - Click on continue button..
2024-10-12 00:11:17,354 - MyMavenProject -INFO - Click on gender button..
2024-10-12 00:11:21,629 - MyMavenProject -INFO - Click on next button..
2024-10-12 00:11:23,041 - MyMavenProject -INFO - Closing Browser
2024-10-12 00:11:23,771 - MyMavenProject -INFO - Handling age dropdown
2024-10-12 00:11:27,488 - MyMavenProject -INFO - click on next button..
2024-10-12 00:11:29,634 - MyMavenProject -INFO - Enter mobile number..
2024-10-12 00:11:31,901 - MyMavenProject -WARN - Please enter valid mobile number
2024-10-12 00:11:31,902 - MyMavenProject -INFO - Click on continue button..
2024-10-12 00:11:35,192 - MyMavenProject -INFO - Closing Browser
2024-10-12 00:11:40,300 - MyMavenProject -INFO - Click on gender button..
2024-10-12 00:11:43,307 - MyMavenProject -INFO - Click on next button..
2024-10-12 00:11:45,414 - MyMavenProject -INFO - Handling age dropdown
2024-10-12 00:11:47,750 - MyMavenProject -INFO - click on next button..
2024-10-12 00:11:49,887 - MyMavenProject -INFO - Enter pincode..
2024-10-12 00:11:52,132 - MyMavenProject -WARN - Please enter valid pincode
2024-10-12 00:11:52,133 - MyMavenProject -INFO - Click on continue button..
2024-10-12 00:11:55,366 - MyMavenProject -INFO - Closing Browser
2024-10-12 00:12:00,143 - MyMavenProject -INFO - Click on gender button..
2024-10-12 00:12:03,382 - MyMavenProject -INFO - Click on next button..
2024-10-12 00:12:05,499 - MyMavenProject -INFO - Handling age dropdown
2024-10-12 00:12:07,845 - MyMavenProject -INFO - click on next button..
2024-10-12 00:12:09,977 - MyMavenProject -INFO - Click on continue button..
2024-10-12 00:12:13,321 - MyMavenProject -INFO - Closing Browser
2024-10-12 00:14:51,334 - MyMavenProject -INFO - Click on gender button..
2024-10-12 00:14:54,271 - MyMavenProject -INFO - Click on next button..
2024-10-12 00:14:56,734 - MyMavenProject -INFO - Handling age dropdown
2024-10-12 00:15:00,152 - MyMavenProject -INFO - click on next button..
2024-10-12 00:15:02,308 - MyMavenProject -INFO - Enter pincode..
2024-10-12 00:15:04,562 - MyMavenProject -WARN - Please enter valid pincode
2024-10-12 00:15:04,564 - MyMavenProject -INFO - Enter mobile number..
2024-10-12 00:15:06,777 - MyMavenProject -WARN - Please enter valid mobile number
2024-10-12 00:15:06,778 - MyMavenProject -INFO - Click on continue button..
2024-10-12 00:16:45,978 - MyMavenProject -INFO - Click on gender button..
2024-10-12 00:16:49,418 - MyMavenProject -INFO - Click on next button..
2024-10-12 00:16:51,557 - MyMavenProject -INFO - Handling age dropdown
2024-10-12 00:16:55,078 - MyMavenProject -INFO - click on next button..
2024-10-12 00:16:57,201 - MyMavenProject -INFO - Enter pincode..
2024-10-12 00:16:59,410 - MyMavenProject -WARN - Please enter valid pincode
2024-10-12 00:16:59,413 - MyMavenProject -INFO - Enter mobile number..
2024-10-12 00:17:01,603 - MyMavenProject -WARN - Please enter valid mobile number
2024-10-12 00:17:01,604 - MyMavenProject -INFO - Click on continue button..
2024-10-12 00:17:12,411 - MyMavenProject -INFO - Click on gender button..
2024-10-12 00:17:15,361 - MyMavenProject -INFO - Click on next button..
2024-10-12 00:17:17,567 - MyMavenProject -INFO - Handling age dropdown
2024-10-12 00:17:21,298 - MyMavenProject -INFO - click on next button..
2024-10-12 00:17:23,520 - MyMavenProject -INFO - Enter mobile number..
2024-10-12 00:17:25,891 - MyMavenProject -WARN - Please enter valid mobile number
2024-10-12 00:17:25,892 - MyMavenProject -INFO - Click on continue button..
2024-10-12 00:17:29,141 - MyMavenProject -INFO - Closing Browser
2024-10-12 00:17:36,580 - MyMavenProject -INFO - Click on gender button..
2024-10-12 00:18:21,082 - MyMavenProject -INFO - Click on next button..
2024-10-12 00:18:23,235 - MyMavenProject -INFO - Handling age dropdown
2024-10-12 00:18:25,554 - MyMavenProject -INFO - click on next button..
2024-10-12 00:18:27,668 - MyMavenProject -INFO - Enter pincode..
2024-10-12 00:18:29,835 - MyMavenProject -WARN - Please enter valid pincode
2024-10-12 00:18:29,836 - MyMavenProject -INFO - Click on continue button..
2024-10-12 00:18:33,066 - MyMavenProject -INFO - Closing Browser
2024-10-12 00:19:24,419 - MyMavenProject -INFO - Click on gender button..
2024-10-12 00:19:27,129 - MyMavenProject -INFO - Click on next button..
2024-10-12 00:19:29,229 - MyMavenProject -INFO - Handling age dropdown
2024-10-12 00:19:33,050 - MyMavenProject -INFO - click on next button..
2024-10-12 00:19:35,177 - MyMavenProject -INFO - Enter mobile number..
2024-10-12 00:19:37,410 - MyMavenProject -WARN - Please enter valid mobile number
2024-10-12 00:19:37,411 - MyMavenProject -INFO - Click on continue button..
2024-10-12 00:19:40,660 - MyMavenProject -INFO - Closing Browser
2024-10-12 00:20:59,184 - MyMavenProject -INFO - Click on gender button..
2024-10-12 00:21:02,015 - MyMavenProject -INFO - Click on next button..
2024-10-12 00:21:04,456 - MyMavenProject -INFO - Handling age dropdown
2024-10-12 00:21:08,145 - MyMavenProject -INFO - click on next button..
2024-10-12 00:21:10,269 - MyMavenProject -INFO - Enter pincode..
2024-10-12 00:21:12,522 - MyMavenProject -WARN - Please enter valid pincode
2024-10-12 00:21:12,523 - MyMavenProject -INFO - Enter mobile number..
2024-10-12 00:21:14,770 - MyMavenProject -WARN - Please enter valid mobile number
2024-10-12 00:21:14,772 - MyMavenProject -INFO - Click on continue button..
2024-10-12 00:21:26,720 - MyMavenProject -INFO - Click on gender button..
2024-10-12 00:21:29,475 - MyMavenProject -INFO - Click on next button..
2024-10-12 00:21:31,569 - MyMavenProject -INFO - Handling age dropdown
2024-10-12 00:21:33,910 - MyMavenProject -INFO - click on next button..
2024-10-12 00:21:36,001 - MyMavenProject -INFO - Enter mobile number..
2024-10-12 00:21:38,207 - MyMavenProject -WARN - Please enter valid mobile number
2024-10-12 00:21:38,208 - MyMavenProject -INFO - Click on continue button..
2024-10-12 00:21:41,397 - MyMavenProject -INFO - Closing Browser
2024-10-14 09:59:27,184 - MyMavenProject -INFO - Click on gender button..
2024-10-14 09:59:30,344 - MyMavenProject -INFO - Click on next button..
2024-10-14 09:59:32,742 - MyMavenProject -INFO - Handling age dropdown
2024-10-14 09:59:36,608 - MyMavenProject -INFO - click on next button..
2024-10-14 09:59:38,730 - MyMavenProject -INFO - Enter mobile number..
2024-10-14 09:59:40,984 - MyMavenProject -WARN - Please enter valid mobile number
2024-10-14 09:59:40,986 - MyMavenProject -INFO - Click on continue button..
2024-10-14 09:59:44,290 - MyMavenProject -INFO - Closing Browser
2024-10-14 09:59:49,409 - MyMavenProject -INFO - Click on gender button..
2024-10-14 09:59:52,275 - MyMavenProject -INFO - Click on next button..
2024-10-14 09:59:55,180 - MyMavenProject -INFO - Handling age dropdown
2024-10-14 09:59:57,525 - MyMavenProject -INFO - click on next button..
2024-10-14 09:59:59,642 - MyMavenProject -INFO - Enter pincode..
2024-10-14 10:00:01,840 - MyMavenProject -WARN - Please enter valid pincode
2024-10-14 10:00:01,841 - MyMavenProject -INFO - Click on continue button..
2024-10-14 10:00:05,092 - MyMavenProject -INFO - Closing Browser
2024-10-14 10:00:09,075 - MyMavenProject -INFO - Click on gender button..
2024-10-14 10:00:11,894 - MyMavenProject -INFO - Click on next button..
2024-10-14 10:00:14,072 - MyMavenProject -INFO - Handling age dropdown
2024-10-14 10:00:16,365 - MyMavenProject -INFO - click on next button..
2024-10-14 10:00:18,480 - MyMavenProject -INFO - Click on continue button..
2024-10-14 10:00:21,887 - MyMavenProject -INFO - Closing Browser
2024-10-14 10:02:16,966 - MyMavenProject -INFO - Click on gender button..
2024-10-14 10:02:19,684 - MyMavenProject -INFO - Click on next button..
2024-10-14 10:02:21,947 - MyMavenProject -INFO - Handling age dropdown
2024-10-14 10:02:25,457 - MyMavenProject -INFO - click on next button..
2024-10-14 10:02:27,569 - MyMavenProject -INFO - Enter pincode..
2024-10-14 10:02:29,849 - MyMavenProject -WARN - Please enter valid pincode
2024-10-14 10:02:29,849 - MyMavenProject -INFO - Enter mobile number..
2024-10-14 10:02:32,262 - MyMavenProject -WARN - Please enter valid mobile number
2024-10-14 10:02:32,263 - MyMavenProject -INFO - Click on continue button..
2024-10-14 10:02:44,472 - MyMavenProject -INFO - Click on gender button..
2024-10-14 10:02:47,118 - MyMavenProject -INFO - Click on next button..
2024-10-14 10:02:49,299 - MyMavenProject -INFO - Handling age dropdown
2024-10-14 10:02:51,664 - MyMavenProject -INFO - click on next button..
2024-10-14 10:02:53,928 - MyMavenProject -INFO - Enter mobile number..
2024-10-14 10:02:56,147 - MyMavenProject -WARN - Please enter valid mobile number
2024-10-14 10:02:56,148 - MyMavenProject -INFO - Click on continue button..
2024-10-14 10:02:59,382 - MyMavenProject -INFO - Closing Browser
2024-10-14 10:03:03,406 - MyMavenProject -INFO - Click on gender button..
2024-10-14 10:03:06,298 - MyMavenProject -INFO - Click on next button..
2024-10-14 10:03:08,748 - MyMavenProject -INFO - Handling age dropdown
2024-10-14 10:03:11,058 - MyMavenProject -INFO - click on next button..
2024-10-14 10:03:13,155 - MyMavenProject -INFO - Enter pincode..
2024-10-14 10:03:15,461 - MyMavenProject -WARN - Please enter valid pincode
2024-10-14 10:03:15,462 - MyMavenProject -INFO - Click on continue button..
2024-10-14 10:03:18,717 - MyMavenProject -INFO - Closing Browser
2024-10-14 10:03:22,391 - MyMavenProject -INFO - Click on gender button..
2024-10-14 10:03:25,102 - MyMavenProject -INFO - Click on next button..
2024-10-14 10:03:27,188 - MyMavenProject -INFO - Handling age dropdown
2024-10-14 10:03:29,505 - MyMavenProject -INFO - click on next button..
2024-10-14 10:03:31,606 - MyMavenProject -INFO - Click on continue button..
2024-10-14 10:03:34,944 - MyMavenProject -INFO - Closing Browser
2024-10-14 15:23:21,035 - MyMavenProject -INFO - Click on gender button..
2024-10-14 15:23:24,924 - MyMavenProject -INFO - Click on next button..
2024-10-14 15:23:27,430 - MyMavenProject -INFO - Handling age dropdown
2024-10-14 15:23:31,087 - MyMavenProject -INFO - click on next button..
2024-10-14 15:23:33,229 - MyMavenProject -INFO - Enter pincode..
2024-10-14 15:23:35,488 - MyMavenProject -WARN - Please enter valid pincode
2024-10-14 15:23:35,490 - MyMavenProject -INFO - Enter mobile number..
2024-10-14 15:23:37,750 - MyMavenProject -WARN - Please enter valid mobile number
2024-10-14 15:23:37,751 - MyMavenProject -INFO - Click on continue button..
2024-10-16 17:10:45,067 - MyMavenProject -INFO - Click on gender button..
2024-10-16 17:10:47,464 - MyMavenProject -INFO - Click on next button..
2024-10-16 17:10:49,545 - MyMavenProject -INFO - Handling age dropdown
2024-10-16 17:10:52,321 - MyMavenProject -INFO - click on next button..
2024-10-16 17:10:54,415 - MyMavenProject -INFO - Enter pincode..
2024-10-16 17:10:56,557 - MyMavenProject -WARN - Please enter valid pincode
2024-10-16 17:10:56,557 - MyMavenProject -INFO - Enter mobile number..
2024-10-16 17:10:58,695 - MyMavenProject -WARN - Please enter valid mobile number
2024-10-16 17:10:58,695 - MyMavenProject -INFO - Click on continue button..
2024-10-16 17:11:11,811 - MyMavenProject -INFO - Click on gender button..
2024-10-16 17:11:14,381 - MyMavenProject -INFO - Click on next button..
2024-10-16 17:11:16,464 - MyMavenProject -INFO - Handling age dropdown
2024-10-16 17:11:18,612 - MyMavenProject -INFO - click on next button..
2024-10-16 17:11:20,704 - MyMavenProject -INFO - Enter mobile number..
2024-10-16 17:11:22,832 - MyMavenProject -WARN - Please enter valid mobile number
2024-10-16 17:11:22,833 - MyMavenProject -INFO - Click on continue button..
2024-10-16 17:11:26,039 - MyMavenProject -INFO - Closing Browser
2024-10-16 17:11:32,579 - MyMavenProject -INFO - Click on gender button..
2024-10-16 17:11:34,884 - MyMavenProject -INFO - Click on next button..
2024-10-16 17:11:36,953 - MyMavenProject -INFO - Handling age dropdown
2024-10-16 17:11:39,092 - MyMavenProject -INFO - click on next button..
2024-10-16 17:11:41,164 - MyMavenProject -INFO - Enter pincode..
2024-10-16 17:11:43,247 - MyMavenProject -WARN - Please enter valid pincode
2024-10-16 17:11:43,248 - MyMavenProject -INFO - Click on continue button..
2024-10-16 17:11:46,411 - MyMavenProject -INFO - Closing Browser
2024-10-16 17:11:55,715 - MyMavenProject -INFO - Click on gender button..
2024-10-16 17:11:58,014 - MyMavenProject -INFO - Click on next button..
2024-10-16 17:12:00,089 - MyMavenProject -INFO - Handling age dropdown
2024-10-16 17:12:02,216 - MyMavenProject -INFO - click on next button..
2024-10-16 17:12:04,263 - MyMavenProject -INFO - Click on continue button..
2024-10-16 17:12:07,404 - MyMavenProject -INFO - Closing Browser
2024-10-21 14:41:11,317 - MyMavenProject -INFO - Click on gender button..
2024-10-21 14:41:13,764 - MyMavenProject -INFO - Click on next button..
2024-10-21 14:41:15,840 - MyMavenProject -INFO - Handling age dropdown
2024-10-21 14:41:18,688 - MyMavenProject -INFO - click on next button..
2024-10-21 14:41:20,757 - MyMavenProject -INFO - Enter pincode..
2024-10-21 14:41:22,924 - MyMavenProject -WARN - Please enter valid pincode
2024-10-21 14:41:22,925 - MyMavenProject -INFO - Enter mobile number..
2024-10-21 14:41:25,065 - MyMavenProject -WARN - Please enter valid mobile number
2024-10-21 14:41:25,067 - MyMavenProject -INFO - Click on continue button..
2024-10-21 14:41:36,171 - MyMavenProject -INFO - Click on gender button..
2024-10-21 14:41:40,014 - MyMavenProject -INFO - Click on next button..
2024-10-21 14:41:42,094 - MyMavenProject -INFO - Handling age dropdown
2024-10-21 14:41:44,272 - MyMavenProject -INFO - click on next button..
2024-10-21 14:41:46,348 - MyMavenProject -INFO - Enter mobile number..
2024-10-21 14:41:48,488 - MyMavenProject -WARN - Please enter valid mobile number
2024-10-21 14:41:48,489 - MyMavenProject -INFO - Click on continue button..
2024-10-21 14:41:51,670 - MyMavenProject -INFO - Closing Browser
2024-10-21 14:41:59,510 - MyMavenProject -INFO - Click on gender button..
2024-10-21 14:42:10,546 - MyMavenProject -INFO - Click on next button..
2024-10-21 14:42:12,664 - MyMavenProject -INFO - Handling age dropdown
2024-10-21 14:42:14,949 - MyMavenProject -INFO - click on next button..
2024-10-21 14:42:17,038 - MyMavenProject -INFO - Enter pincode..
2024-10-21 14:42:19,195 - MyMavenProject -WARN - Please enter valid pincode
2024-10-21 14:42:19,196 - MyMavenProject -INFO - Click on continue button..
2024-10-21 14:42:22,437 - MyMavenProject -INFO - Closing Browser
2024-10-21 14:42:29,627 - MyMavenProject -INFO - Click on gender button..
2024-10-21 14:42:32,206 - MyMavenProject -INFO - Click on next button..
2024-10-21 14:42:34,489 - MyMavenProject -INFO - Handling age dropdown
2024-10-21 14:42:36,777 - MyMavenProject -INFO - click on next button..
2024-10-21 14:42:38,874 - MyMavenProject -INFO - Click on continue button..
2024-10-21 14:42:42,161 - MyMavenProject -INFO - Closing Browser
2024-11-12 18:28:40,581 - MyMavenProject -INFO - Click on gender button..
2024-11-12 18:28:43,146 - MyMavenProject -INFO - Click on next button..
2024-11-12 18:28:45,272 - MyMavenProject -INFO - Handling age dropdown
2024-11-12 18:28:50,557 - MyMavenProject -INFO - Click on gender button..
2024-11-12 18:28:52,908 - MyMavenProject -INFO - Click on next button..
2024-11-13 13:02:55,675 - MyMavenProject -INFO - Click on gender button..
2024-11-13 13:02:58,162 - MyMavenProject -INFO - Click on next button..
2024-11-13 13:03:00,229 - MyMavenProject -INFO - Handling age dropdown
2024-11-13 13:03:03,006 - MyMavenProject -INFO - click on next button..
2024-11-13 13:03:05,073 - MyMavenProject -INFO - Enter pincode..
2024-11-13 13:03:07,197 - MyMavenProject -WARN - Please enter valid pincode
2024-11-13 13:03:07,198 - MyMavenProject -INFO - Enter mobile number..
2024-11-13 13:03:09,317 - MyMavenProject -WARN - Please enter valid mobile number
2024-11-13 13:03:09,318 - MyMavenProject -INFO - Click on continue button..
2024-11-13 13:03:18,540 - MyMavenProject -INFO - Click on gender button..
2024-11-13 13:03:21,043 - MyMavenProject -INFO - Click on next button..
2024-11-13 13:03:23,148 - MyMavenProject -INFO - Handling age dropdown
2024-11-13 13:03:25,329 - MyMavenProject -INFO - click on next button..
2024-11-13 13:03:27,405 - MyMavenProject -INFO - Enter mobile number..
2024-11-13 13:03:29,576 - MyMavenProject -WARN - Please enter valid mobile number
2024-11-13 13:03:29,576 - MyMavenProject -INFO - Click on continue button..
2024-11-13 13:03:32,714 - MyMavenProject -INFO - Closing Browser
2024-11-13 13:03:35,626 - MyMavenProject -INFO - Click on gender button..
2024-11-13 13:03:38,021 - MyMavenProject -INFO - Click on next button..
2024-11-13 13:03:40,082 - MyMavenProject -INFO - Handling age dropdown
2024-11-13 13:03:42,225 - MyMavenProject -INFO - click on next button..
2024-11-13 13:03:44,289 - MyMavenProject -INFO - Enter pincode..
2024-11-13 13:03:46,421 - MyMavenProject -WARN - Please enter valid pincode
2024-11-13 13:03:46,421 - MyMavenProject -INFO - Click on continue button..
2024-11-13 13:03:49,571 - MyMavenProject -INFO - Closing Browser
2024-11-13 13:03:52,513 - MyMavenProject -INFO - Click on gender button..
2024-11-13 13:03:54,902 - MyMavenProject -INFO - Click on next button..
2024-11-13 13:03:56,987 - MyMavenProject -INFO - Handling age dropdown
2024-11-13 13:03:59,133 - MyMavenProject -INFO - click on next button..
2024-11-13 13:04:01,200 - MyMavenProject -INFO - Click on continue button..
2024-11-13 13:04:04,371 - MyMavenProject -INFO - Closing Browser
2024-11-14 15:23:29,953 - MyMavenProject -INFO - Click on gender button..
2024-11-14 15:23:42,683 - MyMavenProject -INFO - Click on next button..
2024-11-14 15:23:44,760 - MyMavenProject -INFO - Handling age dropdown
2024-11-14 15:23:47,575 - MyMavenProject -INFO - click on next button..
2024-11-14 15:23:49,658 - MyMavenProject -INFO - Enter mobile number..
2024-11-14 15:23:51,788 - MyMavenProject -WARN - Please enter valid mobile number
2024-11-14 15:23:51,788 - MyMavenProject -INFO - Click on continue button..
2024-11-14 15:23:54,955 - MyMavenProject -INFO - Closing Browser
2024-11-14 15:23:58,683 - MyMavenProject -INFO - Click on gender button..
