2024-10-11 16:16:19,588 [main] INFO MyMavenProject - Click on gender button..
2024-10-11 16:16:22,522 [main] INFO MyMavenProject - Click on next button..
2024-10-11 16:16:25,236 [main] INFO MyMavenProject - Handling age dropdown
2024-10-11 16:16:30,753 [main] INFO MyMavenProject - click on next button..
2024-10-11 16:16:32,859 [main] INFO MyMavenProject - Enter pincode..
2024-10-11 16:16:35,538 [main] WARN MyMavenProject - Please enter valid pincode
2024-10-11 16:16:35,540 [main] INFO MyMavenProject - Enter mobile number..
2024-10-11 16:16:37,857 [main] WARN MyMavenProject - Please enter valid mobile number
2024-10-11 16:16:37,862 [main] INFO MyMavenProject - Click on continue button..
2024-10-11 16:21:50,869 [main] INFO MyMavenProject - Click on gender button..
2024-10-11 16:21:53,759 [main] INFO MyMavenProject - Click on next button..
2024-10-11 16:21:55,952 [main] INFO MyMavenProject - Handling age dropdown
2024-10-11 16:21:59,758 [main] INFO MyMavenProject - click on next button..
2024-10-11 16:22:01,890 [main] INFO MyMavenProject - Enter pincode..
2024-10-11 16:22:04,371 [main] WARN MyMavenProject - Please enter valid pincode
2024-10-11 16:22:04,372 [main] INFO MyMavenProject - Enter mobile number..
2024-10-11 16:22:06,592 [main] WARN MyMavenProject - Please enter valid mobile number
2024-10-11 16:22:06,593 [main] INFO MyMavenProject - Click on continue button..
2024-10-11 16:25:37,006 [main] INFO MyMavenProject - Click on gender button..
2024-10-11 16:25:40,754 [main] INFO MyMavenProject - Click on next button..
2024-10-11 16:25:43,146 [main] INFO MyMavenProject - Handling age dropdown
2024-10-11 16:25:46,688 [main] INFO MyMavenProject - click on next button..
2024-10-11 16:25:48,817 [main] INFO MyMavenProject - Enter pincode..
2024-10-11 16:25:51,093 [main] WARN MyMavenProject - Please enter valid pincode
2024-10-11 16:25:51,094 [main] INFO MyMavenProject - Enter mobile number..
2024-10-11 16:25:53,354 [main] WARN MyMavenProject - Please enter valid mobile number
2024-10-11 16:25:53,355 [main] INFO MyMavenProject - Click on continue button..
2024-10-11 16:40:10,941 [main] INFO MyMavenProject - Click on gender button..
2024-10-11 16:40:13,906 [main] INFO MyMavenProject - Click on next button..
2024-10-11 16:40:16,690 [main] INFO MyMavenProject - Handling age dropdown
2024-10-11 16:40:20,679 [main] INFO MyMavenProject - click on next button..
2024-10-11 16:40:22,842 [main] INFO MyMavenProject - Enter pincode..
2024-10-11 16:40:25,126 [main] WARN MyMavenProject - Please enter valid pincode
2024-10-11 16:40:25,127 [main] INFO MyMavenProject - Enter mobile number..
2024-10-11 16:40:27,432 [main] WARN MyMavenProject - Please enter valid mobile number
2024-10-11 16:40:27,433 [main] INFO MyMavenProject - Click on continue button..
2024-10-11 20:23:56,863 [main] INFO MyMavenProject - Click on gender button..
2024-10-11 20:24:00,041 [main] INFO MyMavenProject - Click on next button..
2024-10-11 20:24:02,252 [main] INFO MyMavenProject - Handling age dropdown
2024-10-11 20:24:07,472 [main] INFO MyMavenProject - click on next button..
2024-10-11 20:24:09,649 [main] INFO MyMavenProject - Enter pincode..
2024-10-11 20:24:12,147 [main] WARN MyMavenProject - Please enter valid pincode
2024-10-11 20:24:12,149 [main] INFO MyMavenProject - Enter mobile number..
2024-10-11 20:24:14,616 [main] WARN MyMavenProject - Please enter valid mobile number
2024-10-11 20:24:14,619 [main] INFO MyMavenProject - Click on continue button..
2024-10-11 23:09:48,748 [main] INFO MyMavenProject - Click on gender button..
2024-10-11 23:09:51,917 [main] INFO MyMavenProject - Click on next button..
2024-10-11 23:09:54,094 [main] INFO MyMavenProject - Handling age dropdown
2024-10-11 23:09:57,817 [main] INFO MyMavenProject - click on next button..
2024-10-11 23:09:59,949 [main] INFO MyMavenProject - Enter mobile number..
2024-10-11 23:10:02,208 [main] WARN MyMavenProject - Please enter valid mobile number
2024-10-11 23:10:02,209 [main] INFO MyMavenProject - Click on continue button..
2024-10-11 23:10:09,783 [main] INFO MyMavenProject - Click on gender button..
2024-10-11 23:10:13,241 [main] INFO MyMavenProject - Click on next button..
2024-10-11 23:10:15,390 [main] INFO MyMavenProject - Handling age dropdown
2024-10-11 23:10:17,720 [main] INFO MyMavenProject - click on next button..
2024-10-11 23:10:19,826 [main] INFO MyMavenProject - Enter pincode..
2024-10-11 23:10:22,022 [main] WARN MyMavenProject - Please enter valid pincode
2024-10-11 23:10:22,023 [main] INFO MyMavenProject - Click on continue button..
2024-10-11 23:13:59,573 [main] INFO MyMavenProject - Click on gender button..
2024-10-11 23:14:02,338 [main] INFO MyMavenProject - Click on next button..
2024-10-11 23:14:04,504 [main] INFO MyMavenProject - Handling age dropdown
2024-10-11 23:14:06,769 [main] INFO MyMavenProject - click on next button..
2024-10-11 23:14:08,920 [main] INFO MyMavenProject - Click on continue button..
2024-10-11 23:15:33,700 [main] INFO MyMavenProject - Click on gender button..
2024-10-11 23:15:36,420 [main] INFO MyMavenProject - Click on next button..
2024-10-11 23:15:38,616 [main] INFO MyMavenProject - Handling age dropdown
2024-10-11 23:15:42,063 [main] INFO MyMavenProject - click on next button..
2024-10-11 23:15:44,197 [main] INFO MyMavenProject - Enter mobile number..
2024-10-11 23:15:46,441 [main] WARN MyMavenProject - Please enter valid mobile number
2024-10-11 23:15:46,442 [main] INFO MyMavenProject - Click on continue button..
2024-10-11 23:20:06,744 [main] INFO MyMavenProject - Click on gender button..
2024-10-11 23:20:09,649 [main] INFO MyMavenProject - Click on next button..
2024-10-11 23:20:12,474 [main] INFO MyMavenProject - Handling age dropdown
2024-10-11 23:20:17,012 [main] INFO MyMavenProject - click on next button..
2024-10-11 23:20:19,158 [main] INFO MyMavenProject - Enter mobile number..
2024-10-11 23:20:21,535 [main] WARN MyMavenProject - Please enter valid mobile number
2024-10-11 23:20:21,536 [main] INFO MyMavenProject - Click on continue button..
2024-10-11 23:20:28,660 [main] INFO MyMavenProject - Click on gender button..
2024-10-11 23:20:31,292 [main] INFO MyMavenProject - Click on next button..
2024-10-11 23:20:33,451 [main] INFO MyMavenProject - Handling age dropdown
2024-10-11 23:20:35,743 [main] INFO MyMavenProject - click on next button..
2024-10-11 23:20:37,838 [main] INFO MyMavenProject - Enter pincode..
2024-10-11 23:20:40,064 [main] WARN MyMavenProject - Please enter valid pincode
2024-10-11 23:20:40,066 [main] INFO MyMavenProject - Click on continue button..
2024-10-11 23:44:36,778 [main] INFO MyMavenProject - Launching Browser
2024-10-11 23:44:43,078 [main] INFO MyMavenProject - Click on gender button..
2024-10-11 23:44:45,764 [main] INFO MyMavenProject - Click on next button..
2024-10-11 23:44:47,932 [main] INFO MyMavenProject - Handling age dropdown
2024-10-11 23:44:51,424 [main] INFO MyMavenProject - click on next button..
2024-10-11 23:44:53,584 [main] INFO MyMavenProject - Enter mobile number..
2024-10-11 23:44:55,829 [main] WARN MyMavenProject - Please enter valid mobile number
2024-10-11 23:44:55,830 [main] INFO MyMavenProject - Click on continue button..
2024-10-11 23:44:59,059 [main] INFO MyMavenProject - Closing Browser
2024-10-11 23:44:59,359 [main] INFO MyMavenProject - Launching Browser
2024-10-11 23:45:02,801 [main] INFO MyMavenProject - Click on gender button..
2024-10-11 23:45:05,595 [main] INFO MyMavenProject - Click on next button..
2024-10-11 23:45:07,714 [main] INFO MyMavenProject - Handling age dropdown
2024-10-11 23:45:10,155 [main] INFO MyMavenProject - click on next button..
2024-10-11 23:45:12,295 [main] INFO MyMavenProject - Enter pincode..
2024-10-11 23:45:14,505 [main] WARN MyMavenProject - Please enter valid pincode
2024-10-11 23:45:14,505 [main] INFO MyMavenProject - Click on continue button..
2024-10-11 23:51:04,993 [main] INFO MyMavenProject - Launching Browser
2024-10-11 23:56:23,329 [main] INFO MyMavenProject - Launching Browser
2024-10-11 23:58:44,183 [main] INFO MyMavenProject - Click on gender button..
2024-10-11 23:58:48,134 [main] INFO MyMavenProject - Click on next button..
2024-10-11 23:58:50,268 [main] INFO MyMavenProject - Handling age dropdown
2024-10-11 23:58:53,748 [main] INFO MyMavenProject - click on next button..
2024-10-11 23:58:55,919 [main] INFO MyMavenProject - Enter mobile number..
2024-10-11 23:58:58,133 [main] WARN MyMavenProject - Please enter valid mobile number
2024-10-11 23:58:58,134 [main] INFO MyMavenProject - Click on continue button..
2024-10-11 23:59:01,345 [main] INFO MyMavenProject - Closing Browser
2024-10-11 23:59:05,190 [main] INFO MyMavenProject - Click on gender button..
2024-10-11 23:59:07,769 [main] INFO MyMavenProject - Click on next button..
2024-10-11 23:59:09,946 [main] INFO MyMavenProject - Handling age dropdown
2024-10-11 23:59:12,291 [main] INFO MyMavenProject - click on next button..
2024-10-11 23:59:14,430 [main] INFO MyMavenProject - Enter pincode..
2024-10-11 23:59:16,617 [main] WARN MyMavenProject - Please enter valid pincode
2024-10-11 23:59:16,618 [main] INFO MyMavenProject - Click on continue button..
2024-10-12 00:05:19,975 [main] INFO MyMavenProject - Click on gender button..
2024-10-12 00:05:22,968 [main] INFO MyMavenProject - Click on next button..
2024-10-12 00:05:25,068 [main] INFO MyMavenProject - Handling age dropdown
2024-10-12 00:05:28,560 [main] INFO MyMavenProject - click on next button..
2024-10-12 00:05:30,680 [main] INFO MyMavenProject - Enter pincode..
2024-10-12 00:05:32,913 [main] WARN MyMavenProject - Please enter valid pincode
2024-10-12 00:05:32,914 [main] INFO MyMavenProject - Click on continue button..
2024-10-12 00:06:38,493 [main] INFO MyMavenProject - Click on gender button..
2024-10-12 00:06:41,489 [main] INFO MyMavenProject - Click on next button..
2024-10-12 00:06:43,621 [main] INFO MyMavenProject - Handling age dropdown
2024-10-12 00:06:47,407 [main] INFO MyMavenProject - click on next button..
2024-10-12 00:06:49,517 [main] INFO MyMavenProject - Click on continue button..
2024-10-12 00:06:52,905 [main] INFO MyMavenProject - Closing Browser
2024-10-12 00:08:06,624 [main] INFO MyMavenProject - Click on gender button..
2024-10-12 00:08:09,623 [main] INFO MyMavenProject - Click on next button..
2024-10-12 00:08:11,748 [main] INFO MyMavenProject - Handling age dropdown
2024-10-12 00:08:15,538 [main] INFO MyMavenProject - click on next button..
2024-10-12 00:08:17,665 [main] INFO MyMavenProject - Enter pincode..
2024-10-12 00:08:19,888 [main] WARN MyMavenProject - Please enter valid pincode
2024-10-12 00:08:19,889 [main] INFO MyMavenProject - Click on continue button..
2024-10-12 00:11:17,354 [main] INFO MyMavenProject - Click on gender button..
2024-10-12 00:11:21,629 [main] INFO MyMavenProject - Click on next button..
2024-10-12 00:11:23,041 [main] INFO MyMavenProject - Closing Browser
2024-10-12 00:11:23,771 [main] INFO MyMavenProject - Handling age dropdown
2024-10-12 00:11:27,488 [main] INFO MyMavenProject - click on next button..
2024-10-12 00:11:29,634 [main] INFO MyMavenProject - Enter mobile number..
2024-10-12 00:11:31,901 [main] WARN MyMavenProject - Please enter valid mobile number
2024-10-12 00:11:31,902 [main] INFO MyMavenProject - Click on continue button..
2024-10-12 00:11:35,192 [main] INFO MyMavenProject - Closing Browser
2024-10-12 00:11:40,300 [main] INFO MyMavenProject - Click on gender button..
2024-10-12 00:11:43,307 [main] INFO MyMavenProject - Click on next button..
2024-10-12 00:11:45,414 [main] INFO MyMavenProject - Handling age dropdown
2024-10-12 00:11:47,750 [main] INFO MyMavenProject - click on next button..
2024-10-12 00:11:49,887 [main] INFO MyMavenProject - Enter pincode..
2024-10-12 00:11:52,132 [main] WARN MyMavenProject - Please enter valid pincode
2024-10-12 00:11:52,133 [main] INFO MyMavenProject - Click on continue button..
2024-10-12 00:11:55,366 [main] INFO MyMavenProject - Closing Browser
2024-10-12 00:12:00,143 [main] INFO MyMavenProject - Click on gender button..
2024-10-12 00:12:03,382 [main] INFO MyMavenProject - Click on next button..
2024-10-12 00:12:05,499 [main] INFO MyMavenProject - Handling age dropdown
2024-10-12 00:12:07,845 [main] INFO MyMavenProject - click on next button..
2024-10-12 00:12:09,977 [main] INFO MyMavenProject - Click on continue button..
2024-10-12 00:12:13,321 [main] INFO MyMavenProject - Closing Browser
2024-10-12 00:14:51,334 [main] INFO MyMavenProject - Click on gender button..
2024-10-12 00:14:54,271 [main] INFO MyMavenProject - Click on next button..
2024-10-12 00:14:56,734 [main] INFO MyMavenProject - Handling age dropdown
2024-10-12 00:15:00,152 [main] INFO MyMavenProject - click on next button..
2024-10-12 00:15:02,308 [main] INFO MyMavenProject - Enter pincode..
2024-10-12 00:15:04,562 [main] WARN MyMavenProject - Please enter valid pincode
2024-10-12 00:15:04,564 [main] INFO MyMavenProject - Enter mobile number..
2024-10-12 00:15:06,777 [main] WARN MyMavenProject - Please enter valid mobile number
2024-10-12 00:15:06,778 [main] INFO MyMavenProject - Click on continue button..
2024-10-12 00:16:45,978 [main] INFO MyMavenProject - Click on gender button..
2024-10-12 00:16:49,418 [main] INFO MyMavenProject - Click on next button..
2024-10-12 00:16:51,557 [main] INFO MyMavenProject - Handling age dropdown
2024-10-12 00:16:55,078 [main] INFO MyMavenProject - click on next button..
2024-10-12 00:16:57,201 [main] INFO MyMavenProject - Enter pincode..
2024-10-12 00:16:59,410 [main] WARN MyMavenProject - Please enter valid pincode
2024-10-12 00:16:59,413 [main] INFO MyMavenProject - Enter mobile number..
2024-10-12 00:17:01,603 [main] WARN MyMavenProject - Please enter valid mobile number
2024-10-12 00:17:01,604 [main] INFO MyMavenProject - Click on continue button..
2024-10-12 00:17:12,411 [main] INFO MyMavenProject - Click on gender button..
2024-10-12 00:17:15,361 [main] INFO MyMavenProject - Click on next button..
2024-10-12 00:17:17,567 [main] INFO MyMavenProject - Handling age dropdown
2024-10-12 00:17:21,298 [main] INFO MyMavenProject - click on next button..
2024-10-12 00:17:23,520 [main] INFO MyMavenProject - Enter mobile number..
2024-10-12 00:17:25,891 [main] WARN MyMavenProject - Please enter valid mobile number
2024-10-12 00:17:25,892 [main] INFO MyMavenProject - Click on continue button..
2024-10-12 00:17:29,141 [main] INFO MyMavenProject - Closing Browser
2024-10-12 00:17:36,580 [main] INFO MyMavenProject - Click on gender button..
2024-10-12 00:18:21,082 [main] INFO MyMavenProject - Click on next button..
2024-10-12 00:18:23,235 [main] INFO MyMavenProject - Handling age dropdown
2024-10-12 00:18:25,554 [main] INFO MyMavenProject - click on next button..
2024-10-12 00:18:27,668 [main] INFO MyMavenProject - Enter pincode..
2024-10-12 00:18:29,835 [main] WARN MyMavenProject - Please enter valid pincode
2024-10-12 00:18:29,836 [main] INFO MyMavenProject - Click on continue button..
2024-10-12 00:18:33,066 [main] INFO MyMavenProject - Closing Browser
2024-10-12 00:19:24,419 [main] INFO MyMavenProject - Click on gender button..
2024-10-12 00:19:27,129 [main] INFO MyMavenProject - Click on next button..
2024-10-12 00:19:29,229 [main] INFO MyMavenProject - Handling age dropdown
2024-10-12 00:19:33,050 [main] INFO MyMavenProject - click on next button..
2024-10-12 00:19:35,177 [main] INFO MyMavenProject - Enter mobile number..
2024-10-12 00:19:37,410 [main] WARN MyMavenProject - Please enter valid mobile number
2024-10-12 00:19:37,411 [main] INFO MyMavenProject - Click on continue button..
2024-10-12 00:19:40,660 [main] INFO MyMavenProject - Closing Browser
2024-10-12 00:20:59,184 [main] INFO MyMavenProject - Click on gender button..
2024-10-12 00:21:02,015 [main] INFO MyMavenProject - Click on next button..
2024-10-12 00:21:04,456 [main] INFO MyMavenProject - Handling age dropdown
2024-10-12 00:21:08,145 [main] INFO MyMavenProject - click on next button..
2024-10-12 00:21:10,269 [main] INFO MyMavenProject - Enter pincode..
2024-10-12 00:21:12,522 [main] WARN MyMavenProject - Please enter valid pincode
2024-10-12 00:21:12,523 [main] INFO MyMavenProject - Enter mobile number..
2024-10-12 00:21:14,770 [main] WARN MyMavenProject - Please enter valid mobile number
2024-10-12 00:21:14,772 [main] INFO MyMavenProject - Click on continue button..
2024-10-12 00:21:26,720 [main] INFO MyMavenProject - Click on gender button..
2024-10-12 00:21:29,475 [main] INFO MyMavenProject - Click on next button..
2024-10-12 00:21:31,569 [main] INFO MyMavenProject - Handling age dropdown
2024-10-12 00:21:33,910 [main] INFO MyMavenProject - click on next button..
2024-10-12 00:21:36,001 [main] INFO MyMavenProject - Enter mobile number..
2024-10-12 00:21:38,207 [main] WARN MyMavenProject - Please enter valid mobile number
2024-10-12 00:21:38,208 [main] INFO MyMavenProject - Click on continue button..
2024-10-12 00:21:41,397 [main] INFO MyMavenProject - Closing Browser
2024-10-14 09:59:27,184 [main] INFO MyMavenProject - Click on gender button..
2024-10-14 09:59:30,344 [main] INFO MyMavenProject - Click on next button..
2024-10-14 09:59:32,742 [main] INFO MyMavenProject - Handling age dropdown
2024-10-14 09:59:36,608 [main] INFO MyMavenProject - click on next button..
2024-10-14 09:59:38,730 [main] INFO MyMavenProject - Enter mobile number..
2024-10-14 09:59:40,984 [main] WARN MyMavenProject - Please enter valid mobile number
2024-10-14 09:59:40,986 [main] INFO MyMavenProject - Click on continue button..
2024-10-14 09:59:44,290 [main] INFO MyMavenProject - Closing Browser
2024-10-14 09:59:49,409 [main] INFO MyMavenProject - Click on gender button..
2024-10-14 09:59:52,275 [main] INFO MyMavenProject - Click on next button..
2024-10-14 09:59:55,180 [main] INFO MyMavenProject - Handling age dropdown
2024-10-14 09:59:57,525 [main] INFO MyMavenProject - click on next button..
2024-10-14 09:59:59,642 [main] INFO MyMavenProject - Enter pincode..
2024-10-14 10:00:01,840 [main] WARN MyMavenProject - Please enter valid pincode
2024-10-14 10:00:01,841 [main] INFO MyMavenProject - Click on continue button..
2024-10-14 10:00:05,092 [main] INFO MyMavenProject - Closing Browser
2024-10-14 10:00:09,075 [main] INFO MyMavenProject - Click on gender button..
2024-10-14 10:00:11,894 [main] INFO MyMavenProject - Click on next button..
2024-10-14 10:00:14,072 [main] INFO MyMavenProject - Handling age dropdown
2024-10-14 10:00:16,365 [main] INFO MyMavenProject - click on next button..
2024-10-14 10:00:18,480 [main] INFO MyMavenProject - Click on continue button..
2024-10-14 10:00:21,887 [main] INFO MyMavenProject - Closing Browser
2024-10-14 10:02:16,966 [main] INFO MyMavenProject - Click on gender button..
2024-10-14 10:02:19,684 [main] INFO MyMavenProject - Click on next button..
2024-10-14 10:02:21,947 [main] INFO MyMavenProject - Handling age dropdown
2024-10-14 10:02:25,457 [main] INFO MyMavenProject - click on next button..
2024-10-14 10:02:27,569 [main] INFO MyMavenProject - Enter pincode..
2024-10-14 10:02:29,849 [main] WARN MyMavenProject - Please enter valid pincode
2024-10-14 10:02:29,849 [main] INFO MyMavenProject - Enter mobile number..
2024-10-14 10:02:32,262 [main] WARN MyMavenProject - Please enter valid mobile number
2024-10-14 10:02:32,263 [main] INFO MyMavenProject - Click on continue button..
2024-10-14 10:02:44,472 [main] INFO MyMavenProject - Click on gender button..
2024-10-14 10:02:47,118 [main] INFO MyMavenProject - Click on next button..
2024-10-14 10:02:49,299 [main] INFO MyMavenProject - Handling age dropdown
2024-10-14 10:02:51,664 [main] INFO MyMavenProject - click on next button..
2024-10-14 10:02:53,928 [main] INFO MyMavenProject - Enter mobile number..
2024-10-14 10:02:56,147 [main] WARN MyMavenProject - Please enter valid mobile number
2024-10-14 10:02:56,148 [main] INFO MyMavenProject - Click on continue button..
2024-10-14 10:02:59,382 [main] INFO MyMavenProject - Closing Browser
2024-10-14 10:03:03,406 [main] INFO MyMavenProject - Click on gender button..
2024-10-14 10:03:06,298 [main] INFO MyMavenProject - Click on next button..
2024-10-14 10:03:08,748 [main] INFO MyMavenProject - Handling age dropdown
2024-10-14 10:03:11,058 [main] INFO MyMavenProject - click on next button..
2024-10-14 10:03:13,155 [main] INFO MyMavenProject - Enter pincode..
2024-10-14 10:03:15,461 [main] WARN MyMavenProject - Please enter valid pincode
2024-10-14 10:03:15,462 [main] INFO MyMavenProject - Click on continue button..
2024-10-14 10:03:18,717 [main] INFO MyMavenProject - Closing Browser
2024-10-14 10:03:22,391 [main] INFO MyMavenProject - Click on gender button..
2024-10-14 10:03:25,102 [main] INFO MyMavenProject - Click on next button..
2024-10-14 10:03:27,188 [main] INFO MyMavenProject - Handling age dropdown
2024-10-14 10:03:29,505 [main] INFO MyMavenProject - click on next button..
2024-10-14 10:03:31,606 [main] INFO MyMavenProject - Click on continue button..
2024-10-14 10:03:34,944 [main] INFO MyMavenProject - Closing Browser
2024-10-14 15:23:21,035 [main] INFO MyMavenProject - Click on gender button..
2024-10-14 15:23:24,924 [main] INFO MyMavenProject - Click on next button..
2024-10-14 15:23:27,430 [main] INFO MyMavenProject - Handling age dropdown
2024-10-14 15:23:31,087 [main] INFO MyMavenProject - click on next button..
2024-10-14 15:23:33,229 [main] INFO MyMavenProject - Enter pincode..
2024-10-14 15:23:35,488 [main] WARN MyMavenProject - Please enter valid pincode
2024-10-14 15:23:35,490 [main] INFO MyMavenProject - Enter mobile number..
2024-10-14 15:23:37,750 [main] WARN MyMavenProject - Please enter valid mobile number
2024-10-14 15:23:37,751 [main] INFO MyMavenProject - Click on continue button..
2024-10-16 17:10:45,067 [main] INFO MyMavenProject - Click on gender button..
2024-10-16 17:10:47,464 [main] INFO MyMavenProject - Click on next button..
2024-10-16 17:10:49,545 [main] INFO MyMavenProject - Handling age dropdown
2024-10-16 17:10:52,321 [main] INFO MyMavenProject - click on next button..
2024-10-16 17:10:54,415 [main] INFO MyMavenProject - Enter pincode..
2024-10-16 17:10:56,557 [main] WARN MyMavenProject - Please enter valid pincode
2024-10-16 17:10:56,557 [main] INFO MyMavenProject - Enter mobile number..
2024-10-16 17:10:58,695 [main] WARN MyMavenProject - Please enter valid mobile number
2024-10-16 17:10:58,695 [main] INFO MyMavenProject - Click on continue button..
2024-10-16 17:11:11,811 [main] INFO MyMavenProject - Click on gender button..
2024-10-16 17:11:14,381 [main] INFO MyMavenProject - Click on next button..
2024-10-16 17:11:16,464 [main] INFO MyMavenProject - Handling age dropdown
2024-10-16 17:11:18,612 [main] INFO MyMavenProject - click on next button..
2024-10-16 17:11:20,704 [main] INFO MyMavenProject - Enter mobile number..
2024-10-16 17:11:22,832 [main] WARN MyMavenProject - Please enter valid mobile number
2024-10-16 17:11:22,833 [main] INFO MyMavenProject - Click on continue button..
2024-10-16 17:11:26,039 [main] INFO MyMavenProject - Closing Browser
2024-10-16 17:11:32,579 [main] INFO MyMavenProject - Click on gender button..
2024-10-16 17:11:34,884 [main] INFO MyMavenProject - Click on next button..
2024-10-16 17:11:36,953 [main] INFO MyMavenProject - Handling age dropdown
2024-10-16 17:11:39,092 [main] INFO MyMavenProject - click on next button..
2024-10-16 17:11:41,164 [main] INFO MyMavenProject - Enter pincode..
2024-10-16 17:11:43,247 [main] WARN MyMavenProject - Please enter valid pincode
2024-10-16 17:11:43,248 [main] INFO MyMavenProject - Click on continue button..
2024-10-16 17:11:46,411 [main] INFO MyMavenProject - Closing Browser
2024-10-16 17:11:55,715 [main] INFO MyMavenProject - Click on gender button..
2024-10-16 17:11:58,014 [main] INFO MyMavenProject - Click on next button..
2024-10-16 17:12:00,089 [main] INFO MyMavenProject - Handling age dropdown
2024-10-16 17:12:02,216 [main] INFO MyMavenProject - click on next button..
2024-10-16 17:12:04,263 [main] INFO MyMavenProject - Click on continue button..
2024-10-16 17:12:07,404 [main] INFO MyMavenProject - Closing Browser
2024-10-21 14:41:11,317 [main] INFO MyMavenProject - Click on gender button..
2024-10-21 14:41:13,764 [main] INFO MyMavenProject - Click on next button..
2024-10-21 14:41:15,840 [main] INFO MyMavenProject - Handling age dropdown
2024-10-21 14:41:18,688 [main] INFO MyMavenProject - click on next button..
2024-10-21 14:41:20,757 [main] INFO MyMavenProject - Enter pincode..
2024-10-21 14:41:22,924 [main] WARN MyMavenProject - Please enter valid pincode
2024-10-21 14:41:22,925 [main] INFO MyMavenProject - Enter mobile number..
2024-10-21 14:41:25,065 [main] WARN MyMavenProject - Please enter valid mobile number
2024-10-21 14:41:25,067 [main] INFO MyMavenProject - Click on continue button..
2024-10-21 14:41:36,171 [main] INFO MyMavenProject - Click on gender button..
2024-10-21 14:41:40,014 [main] INFO MyMavenProject - Click on next button..
2024-10-21 14:41:42,094 [main] INFO MyMavenProject - Handling age dropdown
2024-10-21 14:41:44,272 [main] INFO MyMavenProject - click on next button..
2024-10-21 14:41:46,348 [main] INFO MyMavenProject - Enter mobile number..
2024-10-21 14:41:48,488 [main] WARN MyMavenProject - Please enter valid mobile number
2024-10-21 14:41:48,489 [main] INFO MyMavenProject - Click on continue button..
2024-10-21 14:41:51,670 [main] INFO MyMavenProject - Closing Browser
2024-10-21 14:41:59,510 [main] INFO MyMavenProject - Click on gender button..
2024-10-21 14:42:10,546 [main] INFO MyMavenProject - Click on next button..
2024-10-21 14:42:12,664 [main] INFO MyMavenProject - Handling age dropdown
2024-10-21 14:42:14,949 [main] INFO MyMavenProject - click on next button..
2024-10-21 14:42:17,038 [main] INFO MyMavenProject - Enter pincode..
2024-10-21 14:42:19,195 [main] WARN MyMavenProject - Please enter valid pincode
2024-10-21 14:42:19,196 [main] INFO MyMavenProject - Click on continue button..
2024-10-21 14:42:22,437 [main] INFO MyMavenProject - Closing Browser
2024-10-21 14:42:29,627 [main] INFO MyMavenProject - Click on gender button..
2024-10-21 14:42:32,206 [main] INFO MyMavenProject - Click on next button..
2024-10-21 14:42:34,489 [main] INFO MyMavenProject - Handling age dropdown
2024-10-21 14:42:36,777 [main] INFO MyMavenProject - click on next button..
2024-10-21 14:42:38,874 [main] INFO MyMavenProject - Click on continue button..
2024-10-21 14:42:42,161 [main] INFO MyMavenProject - Closing Browser
2024-11-12 18:28:40,581 [main] INFO MyMavenProject - Click on gender button..
2024-11-12 18:28:43,146 [main] INFO MyMavenProject - Click on next button..
2024-11-12 18:28:45,272 [main] INFO MyMavenProject - Handling age dropdown
2024-11-12 18:28:50,557 [main] INFO MyMavenProject - Click on gender button..
2024-11-12 18:28:52,908 [main] INFO MyMavenProject - Click on next button..
2024-11-13 13:02:55,675 [main] INFO MyMavenProject - Click on gender button..
2024-11-13 13:02:58,162 [main] INFO MyMavenProject - Click on next button..
2024-11-13 13:03:00,229 [main] INFO MyMavenProject - Handling age dropdown
2024-11-13 13:03:03,006 [main] INFO MyMavenProject - click on next button..
2024-11-13 13:03:05,073 [main] INFO MyMavenProject - Enter pincode..
2024-11-13 13:03:07,197 [main] WARN MyMavenProject - Please enter valid pincode
2024-11-13 13:03:07,198 [main] INFO MyMavenProject - Enter mobile number..
2024-11-13 13:03:09,317 [main] WARN MyMavenProject - Please enter valid mobile number
2024-11-13 13:03:09,318 [main] INFO MyMavenProject - Click on continue button..
2024-11-13 13:03:18,540 [main] INFO MyMavenProject - Click on gender button..
2024-11-13 13:03:21,043 [main] INFO MyMavenProject - Click on next button..
2024-11-13 13:03:23,148 [main] INFO MyMavenProject - Handling age dropdown
2024-11-13 13:03:25,329 [main] INFO MyMavenProject - click on next button..
2024-11-13 13:03:27,405 [main] INFO MyMavenProject - Enter mobile number..
2024-11-13 13:03:29,576 [main] WARN MyMavenProject - Please enter valid mobile number
2024-11-13 13:03:29,576 [main] INFO MyMavenProject - Click on continue button..
2024-11-13 13:03:32,714 [main] INFO MyMavenProject - Closing Browser
2024-11-13 13:03:35,626 [main] INFO MyMavenProject - Click on gender button..
2024-11-13 13:03:38,021 [main] INFO MyMavenProject - Click on next button..
2024-11-13 13:03:40,082 [main] INFO MyMavenProject - Handling age dropdown
2024-11-13 13:03:42,225 [main] INFO MyMavenProject - click on next button..
2024-11-13 13:03:44,289 [main] INFO MyMavenProject - Enter pincode..
2024-11-13 13:03:46,421 [main] WARN MyMavenProject - Please enter valid pincode
2024-11-13 13:03:46,421 [main] INFO MyMavenProject - Click on continue button..
2024-11-13 13:03:49,571 [main] INFO MyMavenProject - Closing Browser
2024-11-13 13:03:52,513 [main] INFO MyMavenProject - Click on gender button..
2024-11-13 13:03:54,902 [main] INFO MyMavenProject - Click on next button..
2024-11-13 13:03:56,987 [main] INFO MyMavenProject - Handling age dropdown
2024-11-13 13:03:59,133 [main] INFO MyMavenProject - click on next button..
2024-11-13 13:04:01,200 [main] INFO MyMavenProject - Click on continue button..
2024-11-13 13:04:04,371 [main] INFO MyMavenProject - Closing Browser
2024-11-14 15:23:29,953 [main] INFO MyMavenProject - Click on gender button..
2024-11-14 15:23:42,683 [main] INFO MyMavenProject - Click on next button..
2024-11-14 15:23:44,760 [main] INFO MyMavenProject - Handling age dropdown
2024-11-14 15:23:47,575 [main] INFO MyMavenProject - click on next button..
2024-11-14 15:23:49,658 [main] INFO MyMavenProject - Enter mobile number..
2024-11-14 15:23:51,788 [main] WARN MyMavenProject - Please enter valid mobile number
2024-11-14 15:23:51,788 [main] INFO MyMavenProject - Click on continue button..
2024-11-14 15:23:54,955 [main] INFO MyMavenProject - Closing Browser
2024-11-14 15:23:58,683 [main] INFO MyMavenProject - Click on gender button..
